生成启动时间为 2021/6/23 19:33:08。
     1>项目“C:\Users\hi\Desktop\vc\左旋字符\左旋字符\左旋字符.vcxproj”在节点 2 上(build 个目标)。
     1>InitializeBuildStatus:
         正在创建“Debug\左旋字符.unsuccessfulbuild”，因为已指定“AlwaysCreate”。
       ClCompile:
         C:\Program Files (x86)\Microsoft Visual Studio 10.0\VC\bin\CL.exe /c /ZI /nologo /W3 /WX- /Od /Oy- /D _UNICODE /D UNICODE /Gm /EHsc /RTC1 /MDd /GS /fp:precise /Zc:wchar_t /Zc:forScope /Fo"Debug\\" /Fd"Debug\vc100.pdb" /Gd /TC /analyze- /errorReport:prompt "左旋字符.c"
         左旋字符.c
     1>c:\users\hi\desktop\vc\左旋字符\左旋字符\左旋字符.c(41): warning C4013: “system”未定义；假设外部返回 int
     1>c:\users\hi\desktop\vc\左旋字符\左旋字符\左旋字符.c(30): warning C4715: “is_left_move”: 不是所有的控件路径都返回值
       Link:
         C:\Program Files (x86)\Microsoft Visual Studio 10.0\VC\bin\link.exe /ERRORREPORT:PROMPT /OUT:"C:\Users\hi\Desktop\vc\左旋字符\Debug\左旋字符.exe" /NOLOGO kernel32.lib user32.lib gdi32.lib winspool.lib comdlg32.lib advapi32.lib shell32.lib ole32.lib oleaut32.lib uuid.lib odbc32.lib odbccp32.lib /MANIFEST /ManifestFile:"Debug\左旋字符.exe.intermediate.manifest" /MANIFESTUAC:"level='asInvoker' uiAccess='false'" /DEBUG /PDB:"C:\Users\hi\Desktop\vc\左旋字符\Debug\左旋字符.pdb" /TLBID:1 /DYNAMICBASE /NXCOMPAT /IMPLIB:"C:\Users\hi\Desktop\vc\左旋字符\Debug\左旋字符.lib" /MACHINE:X86 "Debug\左旋字符.obj"
         LINK : 没有找到 C:\Users\hi\Desktop\vc\左旋字符\Debug\左旋字符.exe 或上一个增量链接没有生成它；正在执行完全链接
         左旋字符.vcxproj -> C:\Users\hi\Desktop\vc\左旋字符\Debug\左旋字符.exe
       Manifest:
         C:\Program Files (x86)\Microsoft SDKs\Windows\v7.0A\bin\mt.exe /nologo /verbose /outputresource:"C:\Users\hi\Desktop\vc\左旋字符\Debug\左旋字符.exe;#1" /manifest "Debug\左旋字符.exe.intermediate.manifest"
       FinalizeBuildStatus:
         正在删除文件“Debug\左旋字符.unsuccessfulbuild”。
         正在对“Debug\左旋字符.lastbuildstate”执行 Touch 任务。
     1>已完成生成项目“C:\Users\hi\Desktop\vc\左旋字符\左旋字符\左旋字符.vcxproj”(build 个目标)的操作。

生成成功。

已用时间 00:00:02.14
